2025-07-09 19:13:05 - INFO - ImageMagick path set to: C:\Program Files\ImageMagick-7.1.1-Q16-HDRI\magick.exe
2025-07-09 19:13:05 - INFO - Processing video: ./The_resistance_AMV_Solo_Leveling_anime_sungjinwoo_amv_sololeveling.mp4
2025-07-09 19:13:05 - INFO - Using music: ./tracks/rise_4.mp3
2025-07-09 19:13:19 - INFO - Writing video to: ./dist/final_20250709191319_1.mp4
2025-07-09 19:18:44 - INFO - Successfully processed video: ./dist/final_20250709191319_1.mp4
2025-07-09 19:18:44 - INFO - Processing video: ./The_resistance_AMV_Solo_Leveling_anime_sungjinwoo_amv_sololeveling.mp4
2025-07-09 19:18:44 - INFO - Using music: ./tracks/rise_4.mp3
2025-07-09 19:18:54 - INFO - Writing video to: ./dist/final_20250709191854_2.mp4
2025-07-09 19:24:20 - INFO - Successfully processed video: ./dist/final_20250709191854_2.mp4
2025-07-09 19:24:20 - INFO - Processing video: ./Gachiakuta_AMV_-_Enemy_-_Imagine_Dragons.mp4
2025-07-09 19:24:20 - INFO - Using music: ./tracks/gods_4.mp3
2025-07-09 19:24:26 - INFO - Writing video to: ./dist/final_20250709192426_1.mp4
2025-07-09 19:29:44 - INFO - Successfully processed video: ./dist/final_20250709192426_1.mp4
2025-07-09 19:29:44 - INFO - Processing video: ./Gachiakuta_AMV_-_Enemy_-_Imagine_Dragons.mp4
2025-07-09 19:29:44 - INFO - Using music: ./tracks/hero_4.mp3
2025-07-09 19:29:49 - INFO - Writing video to: ./dist/final_20250709192949_1.mp4
2025-07-09 19:35:07 - INFO - Successfully processed video: ./dist/final_20250709192949_1.mp4
2025-07-09 19:35:07 - INFO - Processing video: ./Gachiakuta_AMV_-_Enemy_-_Imagine_Dragons.mp4
2025-07-09 19:35:07 - INFO - Using music: ./tracks/the_revolution_4.mp3
2025-07-09 19:35:12 - INFO - Writing video to: ./dist/final_20250709193512_1.mp4
2025-07-09 19:40:28 - INFO - Successfully processed video: ./dist/final_20250709193512_1.mp4
